<?xml version="1.0" encoding="UTF-8"?>
<!-- Generated by org.testng.reporters.JUnitReportReporter -->
<testsuite hostname="DESKTOP-NI9U4LM" failures="0" tests="1" name="qaclick.E2EProject.validaetitle$HomePage" time="0.068" errors="0" timestamp="2021-01-24T11:02:16 IST" skipped="0">
  <testcase classname="qaclick.E2EProject.validaetitle$HomePage" name="BasePageNavigation" time="0.068"/>
  <system-out/>
</testsuite> <!-- qaclick.E2EProject.validaetitle$HomePage -->
