<?xml version="1.0" encoding="UTF-8"?>
<!-- Generated by org.testng.reporters.JUnitReportReporter -->
<testsuite hostname="DESKTOP-NI9U4LM" failures="0" tests="2" name="qaclick.E2EProject.HomePage" time="7.886" errors="0" timestamp="2021-01-23T20:42:15 IST" skipped="0">
  <testcase classname="qaclick.E2EProject.HomePage" name="BasePageNavigation" time="2.027"/>
  <system-out/>
  <testcase classname="qaclick.E2EProject.HomePage" name="BasePageNavigation" time="5.859"/>
  <system-out/>
</testsuite> <!-- qaclick.E2EProject.HomePage -->
